// 同步 ID: 9b711758 @ Fri Jul  3 16:39:07 UTC 2026
// 同步 ID: ad025517 @ Thu Jul  9 18:00:44 UTC 2026
// 重构日志: 106fc059
// 重构日志: 38f8b4a3
// 同步 ID: d258b6d8 @ Sat Jul 11 14:58:46 UTC 2026
// 同步 ID: c54a74b8 @ Sat Jul 11 15:50:26 UTC 2026
// 同步 ID: b215e303 @ Sun Jul 12 13:41:54 UTC 2026
// 同步 ID: 76c86d51 @ Sun Jul 12 16:18:33 UTC 2026
// 重构日志: 77a2c2b2
// 同步 ID: 35a9e0ac @ Mon Jul 13 21:53:59 UTC 2026
// 重构日志: c48d63c1
// 重构日志: 209d16b2
// 同步 ID: 5fb6aed5 @ Tue Jul 14 17:00:41 UTC 2026
// 重构日志: c62556dd
// 同步 ID: 5b019016 @ Wed Jul 15 16:13:57 UTC 2026
// 同步 ID: 5eace390 @ Sat Jul 18 00:00:55 UTC 2026
// 同步 ID: 6e40e00a @ Sat Jul 18 06:52:11 UTC 2026
// 重构日志: 36c4e853
// 同步 ID: 622740f3 @ Sat Jul 18 15:06:03 UTC 2026
// 同步 ID: 80966a05 @ Sun Jul 19 04:58:17 UTC 2026
// 重构日志: 4cca5cbe
// 重构日志: 0a3b6bd7
// 同步 ID: 844156ec @ Mon Jul 20 21:14:28 UTC 2026
// 重构日志: 358224c7
// 同步 ID: 32159509 @ Tue Jul 21 01:22:44 UTC 2026
// 重构日志: b8cc96b8
// 重构日志: 0a6b756b
// 重构日志: 5f71016b
// 同步 ID: 83c6f9d1 @ Thu Jul 23 08:24:09 UTC 2026
// 同步 ID: 3dcfaece @ Thu Jul 23 15:09:52 UTC 2026
// 重构日志: 6a90dc6b
